[debug] [2022-02-20T02:08:20.341Z] ----------------------------------------------------------------------
[debug] [2022-02-20T02:08:20.343Z] Command:       C:\Program Files\nodejs\node.exe C:\Users\Gabriel GS\AppData\Roaming\npm\node_modules\firebase-tools\lib\bin\firebase.js deploy
[debug] [2022-02-20T02:08:20.343Z] CLI Version:   10.2.1
[debug] [2022-02-20T02:08:20.343Z] Platform:      win32
[debug] [2022-02-20T02:08:20.343Z] Node Version:  v17.5.0
[debug] [2022-02-20T02:08:20.345Z] Time:          Sat Feb 19 2022 20:08:20 GMT-0600 (hora estándar central)
[debug] [2022-02-20T02:08:20.345Z] ----------------------------------------------------------------------
[debug] 
[debug] [2022-02-20T02:08:20.406Z] > command requires scopes: ["email","openid","https://www.googleapis.com/auth/cloudplatformprojects.readonly","https://www.googleapis.com/auth/firebase","https://www.googleapis.com/auth/cloud-platform"]
[debug] [2022-02-20T02:08:20.406Z] > authorizing via signed-in user (gabogs333@gmail.com)
[debug] [2022-02-20T02:08:20.406Z] [iam] checking project miprimeraweb-4aa1d for permissions ["firebase.projects.get","firebasehosting.sites.update"]
[debug] [2022-02-20T02:08:20.409Z] >>> [apiv2][query] POST https://cloudresourcemanager.googleapis.com/v1/projects/miprimeraweb-4aa1d:testIamPermissions [none]
[debug] [2022-02-20T02:08:20.409Z] >>> [apiv2][body] POST https://cloudresourcemanager.googleapis.com/v1/projects/miprimeraweb-4aa1d:testIamPermissions {"permissions":["firebase.projects.get","firebasehosting.sites.update"]}
[debug] [2022-02-20T02:08:21.004Z] <<< [apiv2][status] POST https://cloudresourcemanager.googleapis.com/v1/projects/miprimeraweb-4aa1d:testIamPermissions 200
[debug] [2022-02-20T02:08:21.004Z] <<< [apiv2][body] POST https://cloudresourcemanager.googleapis.com/v1/projects/miprimeraweb-4aa1d:testIamPermissions {"permissions":["firebase.projects.get","firebasehosting.sites.update"]}
[debug] [2022-02-20T02:08:21.006Z] >>> [apiv2][query] GET https://firebase.googleapis.com/v1beta1/projects/miprimeraweb-4aa1d [none]
[debug] [2022-02-20T02:08:21.359Z] <<< [apiv2][status] GET https://firebase.googleapis.com/v1beta1/projects/miprimeraweb-4aa1d 200
[debug] [2022-02-20T02:08:21.359Z] <<< [apiv2][body] GET https://firebase.googleapis.com/v1beta1/projects/miprimeraweb-4aa1d {"projectId":"miprimeraweb-4aa1d","projectNumber":"890877994237","displayName":"MiprimeraWeb","name":"projects/miprimeraweb-4aa1d","resources":{"hostingSite":"miprimeraweb-4aa1d"},"state":"ACTIVE"}
[info] 
[info] === Deploying to 'miprimeraweb-4aa1d'...
[info] 
[info] i  deploying hosting 
[debug] [2022-02-20T02:08:21.365Z] >>> [apiv2][query] GET https://firebase.googleapis.com/v1beta1/projects/miprimeraweb-4aa1d [none]
[debug] [2022-02-20T02:08:21.679Z] <<< [apiv2][status] GET https://firebase.googleapis.com/v1beta1/projects/miprimeraweb-4aa1d 200
[debug] [2022-02-20T02:08:21.679Z] <<< [apiv2][body] GET https://firebase.googleapis.com/v1beta1/projects/miprimeraweb-4aa1d {"projectId":"miprimeraweb-4aa1d","projectNumber":"890877994237","displayName":"MiprimeraWeb","name":"projects/miprimeraweb-4aa1d","resources":{"hostingSite":"miprimeraweb-4aa1d"},"state":"ACTIVE"}
[debug] [2022-02-20T02:08:21.682Z] >>> [apiv2][query] POST https://firebasehosting.googleapis.com/v1beta1/projects/890877994237/sites/miprimeraweb-4aa1d/versions [none]
[debug] [2022-02-20T02:08:21.682Z] >>> [apiv2][body] POST https://firebasehosting.googleapis.com/v1beta1/projects/890877994237/sites/miprimeraweb-4aa1d/versions {"config":{"rewrites":[{"glob":"**","path":"/index.html"}]},"labels":{"deployment-tool":"cli-firebase"}}
[debug] [2022-02-20T02:08:22.962Z] <<< [apiv2][status] POST https://firebasehosting.googleapis.com/v1beta1/projects/890877994237/sites/miprimeraweb-4aa1d/versions 200
[debug] [2022-02-20T02:08:22.962Z] <<< [apiv2][body] POST https://firebasehosting.googleapis.com/v1beta1/projects/890877994237/sites/miprimeraweb-4aa1d/versions {"name":"projects/890877994237/sites/miprimeraweb-4aa1d/versions/8a11248f56d7bce9","status":"CREATED","config":{"rewrites":[{"glob":"**","path":"/index.html"}]},"labels":{"deployment-tool":"cli-firebase"}}
[info] i  hosting[miprimeraweb-4aa1d]: beginning deploy... 
[debug] [2022-02-20T02:09:25.009Z] Error: EPERM: operation not permitted, scandir 'C:/Users/Gabriel GS/AppData/Local/Archivos temporales de Internet'
    at Object.readdirSync (node:fs:1392:3)
    at GlobSync._readdir (C:\Users\Gabriel GS\AppData\Roaming\npm\node_modules\firebase-tools\node_modules\glob\sync.js:286:41)
    at GlobSync._readdirInGlobStar (C:\Users\Gabriel GS\AppData\Roaming\npm\node_modules\firebase-tools\node_modules\glob\sync.js:243:17)
    at GlobSync._readdir (C:\Users\Gabriel GS\AppData\Roaming\npm\node_modules\firebase-tools\node_modules\glob\sync.js:274:17)
    at GlobSync._processReaddir (C:\Users\Gabriel GS\AppData\Roaming\npm\node_modules\firebase-tools\node_modules\glob\sync.js:135:22)
    at GlobSync._process (C:\Users\Gabriel GS\AppData\Roaming\npm\node_modules\firebase-tools\node_modules\glob\sync.js:130:10)
    at GlobSync._processGlobStar (C:\Users\Gabriel GS\AppData\Roaming\npm\node_modules\firebase-tools\node_modules\glob\sync.js:378:10)
    at GlobSync._process (C:\Users\Gabriel GS\AppData\Roaming\npm\node_modules\firebase-tools\node_modules\glob\sync.js:128:10)
    at GlobSync._processGlobStar (C:\Users\Gabriel GS\AppData\Roaming\npm\node_modules\firebase-tools\node_modules\glob\sync.js:381:10)
    at GlobSync._process (C:\Users\Gabriel GS\AppData\Roaming\npm\node_modules\firebase-tools\node_modules\glob\sync.js:128:10)
    at GlobSync._processGlobStar (C:\Users\Gabriel GS\AppData\Roaming\npm\node_modules\firebase-tools\node_modules\glob\sync.js:381:10)
    at GlobSync._process (C:\Users\Gabriel GS\AppData\Roaming\npm\node_modules\firebase-tools\node_modules\glob\sync.js:128:10)
    at new GlobSync (C:\Users\Gabriel GS\AppData\Roaming\npm\node_modules\firebase-tools\node_modules\glob\sync.js:46:10)
    at globSync (C:\Users\Gabriel GS\AppData\Roaming\npm\node_modules\firebase-tools\node_modules\glob\sync.js:24:10)
    at listFiles (C:\Users\Gabriel GS\AppData\Roaming\npm\node_modules\firebase-tools\lib\listFiles.js:6:28)
    at runDeploys (C:\Users\Gabriel GS\AppData\Roaming\npm\node_modules\firebase-tools\lib\deploy\hosting\deploy.js:42:49)
[error] 
[error] Error: An unexpected error has occurred.
[debug] [2022-02-20T02:13:17.796Z] ----------------------------------------------------------------------
[debug] [2022-02-20T02:13:17.799Z] Command:       C:\Program Files\nodejs\node.exe C:\Users\Gabriel GS\AppData\Roaming\npm\node_modules\firebase-tools\lib\bin\firebase.js deploy
[debug] [2022-02-20T02:13:17.800Z] CLI Version:   10.2.1
[debug] [2022-02-20T02:13:17.801Z] Platform:      win32
[debug] [2022-02-20T02:13:17.801Z] Node Version:  v17.5.0
[debug] [2022-02-20T02:13:17.803Z] Time:          Sat Feb 19 2022 20:13:17 GMT-0600 (hora estándar central)
[debug] [2022-02-20T02:13:17.804Z] ----------------------------------------------------------------------
[debug] 
[debug] [2022-02-20T02:13:17.890Z] > command requires scopes: ["email","openid","https://www.googleapis.com/auth/cloudplatformprojects.readonly","https://www.googleapis.com/auth/firebase","https://www.googleapis.com/auth/cloud-platform"]
[debug] [2022-02-20T02:13:17.890Z] > authorizing via signed-in user (gabogs333@gmail.com)
[debug] [2022-02-20T02:13:17.890Z] [iam] checking project miprimeraweb-4aa1d for permissions ["firebase.projects.get","firebasehosting.sites.update"]
[debug] [2022-02-20T02:13:17.892Z] >>> [apiv2][query] POST https://cloudresourcemanager.googleapis.com/v1/projects/miprimeraweb-4aa1d:testIamPermissions [none]
[debug] [2022-02-20T02:13:17.893Z] >>> [apiv2][body] POST https://cloudresourcemanager.googleapis.com/v1/projects/miprimeraweb-4aa1d:testIamPermissions {"permissions":["firebase.projects.get","firebasehosting.sites.update"]}
[debug] [2022-02-20T02:13:18.459Z] <<< [apiv2][status] POST https://cloudresourcemanager.googleapis.com/v1/projects/miprimeraweb-4aa1d:testIamPermissions 200
[debug] [2022-02-20T02:13:18.459Z] <<< [apiv2][body] POST https://cloudresourcemanager.googleapis.com/v1/projects/miprimeraweb-4aa1d:testIamPermissions {"permissions":["firebase.projects.get","firebasehosting.sites.update"]}
[debug] [2022-02-20T02:13:18.461Z] >>> [apiv2][query] GET https://firebase.googleapis.com/v1beta1/projects/miprimeraweb-4aa1d [none]
[debug] [2022-02-20T02:13:19.042Z] <<< [apiv2][status] GET https://firebase.googleapis.com/v1beta1/projects/miprimeraweb-4aa1d 200
[debug] [2022-02-20T02:13:19.042Z] <<< [apiv2][body] GET https://firebase.googleapis.com/v1beta1/projects/miprimeraweb-4aa1d {"projectId":"miprimeraweb-4aa1d","projectNumber":"890877994237","displayName":"MiprimeraWeb","name":"projects/miprimeraweb-4aa1d","resources":{"hostingSite":"miprimeraweb-4aa1d"},"state":"ACTIVE"}
[info] 
[info] === Deploying to 'miprimeraweb-4aa1d'...
[info] 
[info] i  deploying hosting 
[debug] [2022-02-20T02:13:19.048Z] >>> [apiv2][query] GET https://firebase.googleapis.com/v1beta1/projects/miprimeraweb-4aa1d [none]
[debug] [2022-02-20T02:13:19.450Z] <<< [apiv2][status] GET https://firebase.googleapis.com/v1beta1/projects/miprimeraweb-4aa1d 200
[debug] [2022-02-20T02:13:19.451Z] <<< [apiv2][body] GET https://firebase.googleapis.com/v1beta1/projects/miprimeraweb-4aa1d {"projectId":"miprimeraweb-4aa1d","projectNumber":"890877994237","displayName":"MiprimeraWeb","name":"projects/miprimeraweb-4aa1d","resources":{"hostingSite":"miprimeraweb-4aa1d"},"state":"ACTIVE"}
[debug] [2022-02-20T02:13:19.455Z] >>> [apiv2][query] POST https://firebasehosting.googleapis.com/v1beta1/projects/890877994237/sites/miprimeraweb-4aa1d/versions [none]
[debug] [2022-02-20T02:13:19.455Z] >>> [apiv2][body] POST https://firebasehosting.googleapis.com/v1beta1/projects/890877994237/sites/miprimeraweb-4aa1d/versions {"config":{"rewrites":[{"glob":"**","path":"/index.html"}]},"labels":{"deployment-tool":"cli-firebase"}}
[debug] [2022-02-20T02:13:20.233Z] <<< [apiv2][status] POST https://firebasehosting.googleapis.com/v1beta1/projects/890877994237/sites/miprimeraweb-4aa1d/versions 200
[debug] [2022-02-20T02:13:20.233Z] <<< [apiv2][body] POST https://firebasehosting.googleapis.com/v1beta1/projects/890877994237/sites/miprimeraweb-4aa1d/versions {"name":"projects/890877994237/sites/miprimeraweb-4aa1d/versions/88bd70b19e54791f","status":"CREATED","config":{"rewrites":[{"glob":"**","path":"/index.html"}]},"labels":{"deployment-tool":"cli-firebase"}}
[info] i  hosting[miprimeraweb-4aa1d]: beginning deploy... 
[debug] [2022-02-20T02:14:04.217Z] Error: EPERM: operation not permitted, scandir 'C:/Users/Gabriel GS/AppData/Local/Archivos temporales de Internet'
    at Object.readdirSync (node:fs:1392:3)
    at GlobSync._readdir (C:\Users\Gabriel GS\AppData\Roaming\npm\node_modules\firebase-tools\node_modules\glob\sync.js:286:41)
    at GlobSync._readdirInGlobStar (C:\Users\Gabriel GS\AppData\Roaming\npm\node_modules\firebase-tools\node_modules\glob\sync.js:243:17)
    at GlobSync._readdir (C:\Users\Gabriel GS\AppData\Roaming\npm\node_modules\firebase-tools\node_modules\glob\sync.js:274:17)
    at GlobSync._processReaddir (C:\Users\Gabriel GS\AppData\Roaming\npm\node_modules\firebase-tools\node_modules\glob\sync.js:135:22)
    at GlobSync._process (C:\Users\Gabriel GS\AppData\Roaming\npm\node_modules\firebase-tools\node_modules\glob\sync.js:130:10)
    at GlobSync._processGlobStar (C:\Users\Gabriel GS\AppData\Roaming\npm\node_modules\firebase-tools\node_modules\glob\sync.js:378:10)
    at GlobSync._process (C:\Users\Gabriel GS\AppData\Roaming\npm\node_modules\firebase-tools\node_modules\glob\sync.js:128:10)
    at GlobSync._processGlobStar (C:\Users\Gabriel GS\AppData\Roaming\npm\node_modules\firebase-tools\node_modules\glob\sync.js:381:10)
    at GlobSync._process (C:\Users\Gabriel GS\AppData\Roaming\npm\node_modules\firebase-tools\node_modules\glob\sync.js:128:10)
    at GlobSync._processGlobStar (C:\Users\Gabriel GS\AppData\Roaming\npm\node_modules\firebase-tools\node_modules\glob\sync.js:381:10)
    at GlobSync._process (C:\Users\Gabriel GS\AppData\Roaming\npm\node_modules\firebase-tools\node_modules\glob\sync.js:128:10)
    at new GlobSync (C:\Users\Gabriel GS\AppData\Roaming\npm\node_modules\firebase-tools\node_modules\glob\sync.js:46:10)
    at globSync (C:\Users\Gabriel GS\AppData\Roaming\npm\node_modules\firebase-tools\node_modules\glob\sync.js:24:10)
    at listFiles (C:\Users\Gabriel GS\AppData\Roaming\npm\node_modules\firebase-tools\lib\listFiles.js:6:28)
    at runDeploys (C:\Users\Gabriel GS\AppData\Roaming\npm\node_modules\firebase-tools\lib\deploy\hosting\deploy.js:42:49)
[error] 
[error] Error: An unexpected error has occurred.
